<?xml version="1.0" encoding="utf-8"?>
<shfbBuild product="Sandcastle Help File Builder and Tools" version="2018.12.10.0" projectFile="C:\Users\kelle\Documents\School\CSS497\SummerCampVR-API.shfbproj" started="6/17/2019 11:16:42 PM">
<buildStep step="Initializing">
Finding tools...
The Sandcastle tools are located in &#39;C:\Program Files (x86)\EWSoftware\Sandcastle Help File Builder\&#39;
Locating components in the following folder(s):
    C:\Users\kelle\Documents\School\CSS497
    C:\ProgramData\EWSoftware\Sandcastle Help File Builder\Components and Plug-Ins\
    C:\Program Files (x86)\EWSoftware\Sandcastle Help File Builder\
Using framework reflection data for &#39;.NET Framework 4.5&#39; located in &#39;C:\Program Files (x86)\EWSoftware\Sandcastle Help File Builder\Data\.NETFramework&#39;
Using presentation style &#39;VS2013&#39; located in &#39;C:\Program Files (x86)\EWSoftware\Sandcastle Help File Builder\PresentationStyles\VS2013&#39;
Loading and initializing plug-ins...
Lightweight Website Style Version 2018.12.10.0
Copyright &#169; 2006-2018, Eric Woodruff, All Rights Reserved
Portions Copyright &#169; 2014, Sam Harwell, All Rights Reserved
-------------------------------
Clearing any prior web/markdown output...
</buildStep>
<buildStep step="ValidatingDocumentationSources">
Validating and copying documentation source information
Source: C:\Users\kelle\Documents\School\CSS497\SummerCampVR2019v2\Assembly-CSharp.csproj
    Found project &#39;C:\Users\kelle\Documents\School\CSS497\SummerCampVR2019v2\Assembly-CSharp.csproj&#39;

Parsing project files
    Found assembly &#39;C:\Users\kelle\Documents\School\CSS497\SummerCampVR2019v2\Temp\bin\Debug\Assembly-CSharp.dll&#39;
SHFB: Warning BE0007: A project with a different or higher framework version was found.  Changing project FrameworkVersion property from &#39;.NET Framework 4.5&#39; to &#39;.NET Framework 4.7.1&#39; for the build.

References to include (excluding framework assemblies):
    Microsoft.Win32.Primitives
    netstandard
    nunit.framework
    System.AppContext
    System.Collections
    System.Collections.Concurrent
    System.Collections.NonGeneric
    System.Collections.Specialized
    System.ComponentModel
    System.ComponentModel.EventBasedAsync
    System.ComponentModel.Primitives
    System.ComponentModel.TypeConverter
    System.Console
    System.Data.Common
    System.Diagnostics.Contracts
    System.Diagnostics.Debug
    System.Diagnostics.FileVersionInfo
    System.Diagnostics.Process
    System.Diagnostics.StackTrace
    System.Diagnostics.TextWriterTraceListener
    System.Diagnostics.Tools
    System.Diagnostics.TraceSource
    System.Drawing.Primitives
    System.Dynamic.Runtime
    System.Globalization
    System.Globalization.Calendars
    System.Globalization.Extensions
    System.IO
    System.IO.Compression.ZipFile
    System.IO.FileSystem
    System.IO.FileSystem.DriveInfo
    System.IO.FileSystem.Primitives
    System.IO.FileSystem.Watcher
    System.IO.IsolatedStorage
    System.IO.MemoryMappedFiles
    System.IO.Pipes
    System.IO.UnmanagedMemoryStream
    System.Linq
    System.Linq.Expressions
    System.Linq.Parallel
    System.Linq.Queryable
    System.Net.NameResolution
    System.Net.NetworkInformation
    System.Net.Ping
    System.Net.Primitives
    System.Net.Requests
    System.Net.Security
    System.Net.Sockets
    System.Net.WebHeaderCollection
    System.Net.WebSockets
    System.Net.WebSockets.Client
    System.Numerics.Vectors
    System.ObjectModel
    System.Reflection
    System.Reflection.Extensions
    System.Reflection.Primitives
    System.Resources.Reader
    System.Resources.ResourceManager
    System.Resources.Writer
    System.Runtime
    System.Runtime.CompilerServices.VisualC
    System.Runtime.Extensions
    System.Runtime.Handles
    System.Runtime.InteropServices
    System.Runtime.InteropServices.RuntimeInformation
    System.Runtime.InteropServices.WindowsRuntime
    System.Runtime.Numerics
    System.Runtime.Serialization.Formatters
    System.Runtime.Serialization.Json
    System.Runtime.Serialization.Primitives
    System.Runtime.Serialization.Xml
    System.Security.Claims
    System.Security.Cryptography.Algorithms
    System.Security.Cryptography.Csp
    System.Security.Cryptography.Encoding
    System.Security.Cryptography.Primitives
    System.Security.Cryptography.X509Certificates
    System.Security.Principal
    System.Security.SecureString
    System.Text.Encoding
    System.Text.Encoding.Extensions
    System.Text.RegularExpressions
    System.Threading
    System.Threading.Overlapped
    System.Threading.Tasks
    System.Threading.Tasks.Parallel
    System.Threading.Thread
    System.Threading.ThreadPool
    System.Threading.Timer
    System.ValueTuple
    System.Xml.ReaderWriter
    System.Xml.XDocument
    System.Xml.XmlDocument
    System.Xml.XmlSerializer
    System.Xml.XPath
    System.Xml.XPath.XDocument
    Unity.Analytics.DataPrivacy
    Unity.CollabProxy.Editor
    Unity.Locator
    Unity.PackageManagerUI.Editor
    Unity.TextMeshPro
    Unity.TextMeshPro.Editor
    UnityEditor
    UnityEngine
    UnityEngine.AccessibilityModule
    UnityEngine.AIModule
    UnityEngine.AnimationModule
    UnityEngine.ARModule
    UnityEngine.AssetBundleModule
    UnityEngine.AudioModule
    UnityEngine.BaselibModule
    UnityEngine.ClothModule
    UnityEngine.ClusterInputModule
    UnityEngine.ClusterRendererModule
    UnityEngine.CoreModule
    UnityEngine.CrashReportingModule
    UnityEngine.DirectorModule
    UnityEngine.FileSystemHttpModule
    UnityEngine.GameCenterModule
    UnityEngine.GoogleAudioSpatializer
    UnityEngine.GridModule
    UnityEngine.HotReloadModule
    UnityEngine.ImageConversionModule
    UnityEngine.IMGUIModule
    UnityEngine.InputModule
    UnityEngine.JSONSerializeModule
    UnityEngine.LocalizationModule
    UnityEngine.Networking
    UnityEngine.ParticleSystemModule
    UnityEngine.PerformanceReportingModule
    UnityEngine.Physics2DModule
    UnityEngine.PhysicsModule
    UnityEngine.ProfilerModule
    UnityEngine.ScreenCaptureModule
    UnityEngine.SharedInternalsModule
    UnityEngine.SpatialTracking
    UnityEngine.SpriteMaskModule
    UnityEngine.SpriteShapeModule
    UnityEngine.StreamingModule
    UnityEngine.StyleSheetsModule
    UnityEngine.SubstanceModule
    UnityEngine.TerrainModule
    UnityEngine.TerrainPhysicsModule
    UnityEngine.TestRunner
    UnityEngine.TextCoreModule
    UnityEngine.TextRenderingModule
    UnityEngine.TilemapModule
    UnityEngine.Timeline
    UnityEngine.TimelineModule
    UnityEngine.TLSModule
    UnityEngine.UI
    UnityEngine.UIElementsModule
    UnityEngine.UIModule
    UnityEngine.UmbraModule
    UnityEngine.UNETModule
    UnityEngine.UnityAnalyticsModule
    UnityEngine.UnityConnectModule
    UnityEngine.UnityTestProtocolModule
    UnityEngine.UnityWebRequestAssetBundleModule
    UnityEngine.UnityWebRequestAudioModule
    UnityEngine.UnityWebRequestModule
    UnityEngine.UnityWebRequestTextureModule
    UnityEngine.UnityWebRequestWWWModule
    UnityEngine.VehiclesModule
    UnityEngine.VFXModule
    UnityEngine.VideoModule
    UnityEngine.VRModule
    UnityEngine.WindModule
    UnityEngine.XRModule
    Valve.Newtonsoft.Json

Copying XML comments files
    C:\Users\kelle\Documents\School\CSS497\SummerCampVR2019v2\Temp\bin\Debug\Assembly-CSharp.xml -&gt; C:\Users\kelle\Documents\School\CSS497\Help\Working\Assembly-CSharp.xml
</buildStep>
<buildStep step="GenerateSharedContent">
Generating shared content files (en-US, English (United States))...
<plugIn name="Lightweight Website Style" behavior="After" priority="1000">
</plugIn>    Last step completed in 00:00:00.0050
</buildStep>
<buildStep step="GenerateApiFilter">
Generating API filter for MRefBuilder...
    Last step completed in 00:00:00.0010
</buildStep>
<buildStep step="GenerateReflectionInfo">
Generating reflection information...
[C:\Program Files (x86)\MSBuild\14.0\bin\amd64\MSBuild.exe - GenerateRefInfo.proj]
Build started 6/17/2019 11:16:47 PM.
Project &quot;C:\Users\kelle\Documents\School\CSS497\Help\Working\GenerateRefInfo.proj&quot; on node 1 (default targets).
PrepareForBuild:
  Creating directory &quot;obj\Debug\&quot;.
GenerateRefInfo:
  MRefBuilder (v2018.12.10.0)
  Copyright c 2006-2018, Microsoft Corporation, All Rights Reserved.
  Portions Copyright c 2006-2018, Eric Woodruff, All Rights Reserved.
  No source code context base path specified.  Source context information is unavailable.
  Loaded 1 assemblies for reflection and 275 dependency assemblies.
  Wrote information on 1 namespaces, 1 types, and 73 members
  Copying file from &quot;reflection.org&quot; to &quot;reflection.all&quot;.
  XslTransform (v2018.12.10.0)
  Copyright c 2006-2018, Microsoft Corporation, All Rights Reserved.
  Portions Copyright c 2006-2018, Eric Woodruff, All Rights Reserved.
  Applying XSL transformation &#39;C:\Program Files (x86)\EWSoftware\Sandcastle Help File Builder\ProductionTransforms\MergeDuplicates.xsl&#39;.
Done Building Project &quot;C:\Users\kelle\Documents\School\CSS497\Help\Working\GenerateRefInfo.proj&quot; (default targets).

Build succeeded.

Time Elapsed 00:00:01.33
    Last step completed in 00:00:01.4264
</buildStep>
<buildStep step="TransformReflectionInfo">
Transforming reflection output...
[C:\Program Files (x86)\MSBuild\14.0\bin\amd64\MSBuild.exe - TransformManifest.proj]
Build started 6/17/2019 11:16:48 PM.
Project &quot;C:\Users\kelle\Documents\School\CSS497\Help\Working\TransformManifest.proj&quot; on node 1 (default targets).
TransformManifest:
  XslTransform (v2018.12.10.0)
  Copyright c 2006-2018, Microsoft Corporation, All Rights Reserved.
  Portions Copyright c 2006-2018, Eric Woodruff, All Rights Reserved.
  Applying XSL transformation &#39;C:\Program Files (x86)\EWSoftware\Sandcastle Help File Builder\\ProductionTransforms\ApplyVSDocModel.xsl&#39;.
  Copying file from &quot;reflection.xml&quot; to &quot;reflection.nofilenames&quot;.
  XslTransform (v2018.12.10.0)
  Copyright c 2006-2018, Microsoft Corporation, All Rights Reserved.
  Portions Copyright c 2006-2018, Eric Woodruff, All Rights Reserved.
  Applying XSL transformation &#39;C:\Program Files (x86)\EWSoftware\Sandcastle Help File Builder\ProductionTransforms\AddFilenames.xsl&#39;.
  XslTransform (v2018.12.10.0)
  Copyright c 2006-2018, Microsoft Corporation, All Rights Reserved.
  Portions Copyright c 2006-2018, Eric Woodruff, All Rights Reserved.
  Applying XSL transformation &#39;C:\Program Files (x86)\EWSoftware\Sandcastle Help File Builder\ProductionTransforms\ReflectionToManifest.xsl&#39;.
Done Building Project &quot;C:\Users\kelle\Documents\School\CSS497\Help\Working\TransformManifest.proj&quot; (default targets).

Build succeeded.

Time Elapsed 00:00:00.35
    Last step completed in 00:00:00.4308
</buildStep>
<buildStep step="GenerateNamespaceSummaries">
Generating namespace summary information...
    Last step completed in 00:00:00.4399
</buildStep>
<buildStep step="CopyAdditionalContent">
Copying additional content files...
No additional content to copy
    Last step completed in 00:00:00.0000
</buildStep>
<buildStep step="MergeTablesOfContents">
Merging conceptual and additional tables of contents...
    Last step completed in 00:00:00.0000
</buildStep>
<buildStep step="GenerateIntermediateTableOfContents">
Generating intermediate table of contents file...
[C:\Program Files (x86)\MSBuild\14.0\bin\amd64\MSBuild.exe - GenerateIntermediateTOC.proj]
Build started 6/17/2019 11:16:49 PM.
Project &quot;C:\Users\kelle\Documents\School\CSS497\Help\Working\GenerateIntermediateTOC.proj&quot; on node 1 (default targets).
GenerateIntermediateTOC:
  XslTransform (v2018.12.10.0)
  Copyright c 2006-2018, Microsoft Corporation, All Rights Reserved.
  Portions Copyright c 2006-2018, Eric Woodruff, All Rights Reserved.
  Applying XSL transformation &#39;C:\Program Files (x86)\EWSoftware\Sandcastle Help File Builder\\ProductionTransforms\CreateVSToc.xsl&#39;.
Done Building Project &quot;C:\Users\kelle\Documents\School\CSS497\Help\Working\GenerateIntermediateTOC.proj&quot; (default targets).

Build succeeded.

Time Elapsed 00:00:00.08
Generating conceptual content intermediate TOC file...
    Last step completed in 00:00:00.1661
</buildStep>
<buildStep step="CreateBuildAssemblerConfigs">
Creating Sandcastle configuration files...
    sandcastle.config
    Last step completed in 00:00:00.1596
</buildStep>
<buildStep step="MergeCustomConfigs">
Merging custom build component configurations
C:\Users\kelle\Documents\School\CSS497\Help\Working\sandcastle.config
  Updating reference topic configurations.
  No conceptual content.  Removing conceptual content components.
    Last step completed in 00:00:00.0110
</buildStep>
<buildStep step="BuildTopics">
Building help topics...
[C:\Program Files (x86)\MSBuild\14.0\bin\amd64\MSBuild.exe - BuildTopics.proj]
Build started 6/17/2019 11:16:50 PM.
Project &quot;C:\Users\kelle\Documents\School\CSS497\Help\Working\BuildTopics.proj&quot; on node 1 (default targets).
BuildTopics:
  BuildAssembler (v2018.12.10.0)
  Copyright c 2006-2018, Microsoft Corporation, All Rights Reserved.
  Portions Copyright c 2006-2018, Eric Woodruff, All Rights Reserved.
  Loading configuration...
  Processing topics...
BuildAssembler : warning : ShowMissingComponent: [N:UWBsummercampAPI] Missing &lt;summary&gt; documentation [C:\Users\kelle\Documents\School\CSS497\Help\Working\BuildTopics.proj]
BuildAssembler : warning : ResolveReferenceLinksComponent: [T:UWBsummercampAPI.coreObjectsBehavior] Unknown reference link target &#39;T:UnityEngine.Object&#39;. [C:\Users\kelle\Documents\School\CSS497\Help\Working\BuildTopics.proj]
BuildAssembler : warning : ResolveReferenceLinksComponent: [T:UWBsummercampAPI.coreObjectsBehavior] Unknown reference link target &#39;T:UnityEngine.Component&#39;. [C:\Users\kelle\Documents\School\CSS497\Help\Working\BuildTopics.proj]
BuildAssembler : warning : ResolveReferenceLinksComponent: [T:UWBsummercampAPI.coreObjectsBehavior] Unknown reference link target &#39;T:UnityEngine.Behaviour&#39;. [C:\Users\kelle\Documents\School\CSS497\Help\Working\BuildTopics.proj]
BuildAssembler : warning : ResolveReferenceLinksComponent: [T:UWBsummercampAPI.coreObjectsBehavior] Unknown reference link target &#39;T:UnityEngine.MonoBehaviour&#39;. [C:\Users\kelle\Documents\School\CSS497\Help\Working\BuildTopics.proj]
BuildAssembler : warning : ShowMissingComponent: [M:UWBsummercampAPI.coreObjectsBehavior.createNewObject(System.Single,System.Single,System.Single,System.String,System.String)] Missing &lt;param name=&quot;objName&quot;/&gt; documentation [C:\Users\kelle\Documents\School\CSS497\Help\Working\BuildTopics.proj]
BuildAssembler : warning : ResolveReferenceLinksComponent: [M:UWBsummercampAPI.coreObjectsBehavior.createNewObject(System.Single,System.Single,System.Single,System.String,System.String)] Unknown reference link target &#39;T:UnityEngine.GameObject&#39;. [C:\Users\kelle\Documents\School\CSS497\Help\Working\BuildTopics.proj]
BuildAssembler : warning : ResolveReferenceLinksComponent: [M:UWBsummercampAPI.coreObjectsBehavior.createNewObject(UnityEngine.Vector3,System.String,System.String)] Unknown reference link target &#39;T:UnityEngine.Vector3&#39;. [C:\Users\kelle\Documents\School\CSS497\Help\Working\BuildTopics.proj]
BuildAssembler : warning : ResolveReferenceLinksComponent: [M:UWBsummercampAPI.coreObjectsBehavior.createNewObject(UnityEngine.Vector3,System.String,System.String)] Unknown reference link target &#39;T:UnityEngine.GameObject&#39;. [C:\Users\kelle\Documents\School\CSS497\Help\Working\BuildTopics.proj]
BuildAssembler : warning : ResolveReferenceLinksComponent: [M:UWBsummercampAPI.coreObjectsBehavior.getObjectPosition] Unknown reference link target &#39;T:UnityEngine.Vector3&#39;. [C:\Users\kelle\Documents\School\CSS497\Help\Working\BuildTopics.proj]
BuildAssembler : warning : ResolveReferenceLinksComponent: [M:UWBsummercampAPI.coreObjectsBehavior.getPlayerPosition] Unknown reference link target &#39;T:UnityEngine.Vector3&#39;. [C:\Users\kelle\Documents\School\CSS497\Help\Working\BuildTopics.proj]
BuildAssembler : warning : ResolveReferenceLinksComponent: [M:UWBsummercampAPI.coreObjectsBehavior.setObjectVelocity(UnityEngine.Vector3)] Unknown reference link target &#39;T:UnityEngine.Vector3&#39;. [C:\Users\kelle\Documents\School\CSS497\Help\Working\BuildTopics.proj]
  Processed 80 topic(s)
  12 warning(s)
  CopyFromIndexComponent: &quot;reflection&quot; in-memory cache entries used: 2 of 15.
  CopyFromIndexComponent: &quot;comments&quot; in-memory cache entries used: 1 of 30.
Done Building Project &quot;C:\Users\kelle\Documents\School\CSS497\Help\Working\BuildTopics.proj&quot; (default targets).

Build succeeded.

Time Elapsed 00:00:07.91
    Last step completed in 00:00:08.0072
</buildStep>
<buildStep step="CombiningIntermediateTocFiles">
Combining conceptual and API intermediate TOC files...
    Last step completed in 00:00:00.0010
</buildStep>
<buildStep step="ExtractingHtmlInfo">
Extracting HTML info for HTML Help 1 and/or website...
[C:\Program Files (x86)\MSBuild\14.0\bin\amd64\MSBuild.exe - ExtractHtmlInfo.proj]
Sandcastle Help File Builder and Tools, version 2018.12.10.0
Copyright c 2006-2018, Eric Woodruff, All Rights Reserved
E-Mail: Eric@EWoodruff.us

Using LCID &#39;1033&#39;, code page &#39;65001&#39;, encoding charset &#39;UTF-8&#39;.

Processing website files in C:\Users\kelle\Documents\School\CSS497\Help\Working\Output\Website
Processed 80 HTML files
Sorting keywords and generating See Also indices
Saving website keyword index to C:\Users\kelle\Documents\School\CSS497\Help\Working\WebKI.xml
Saving website table of contents to C:\Users\kelle\Documents\School\CSS497\Help\Working\WebTOC.xml
    Last step completed in 00:00:00.2926
</buildStep>
<buildStep step="CopyStandardHelpContent">
Copying standard help content...
C:\Program Files (x86)\EWSoftware\Sandcastle Help File Builder\PresentationStyles\VS2013\icons\AlertCaution.png -&gt; C:\Users\kelle\Documents\School\CSS497\Help\Working\Output\Website\icons\AlertCaution.png
C:\Program Files (x86)\EWSoftware\Sandcastle Help File Builder\PresentationStyles\VS2013\icons\AlertNote.png -&gt; C:\Users\kelle\Documents\School\CSS497\Help\Working\Output\Website\icons\AlertNote.png
C:\Program Files (x86)\EWSoftware\Sandcastle Help File Builder\PresentationStyles\VS2013\icons\AlertSecurity.png -&gt; C:\Users\kelle\Documents\School\CSS497\Help\Working\Output\Website\icons\AlertSecurity.png
C:\Program Files (x86)\EWSoftware\Sandcastle Help File Builder\PresentationStyles\VS2013\icons\CFW.gif -&gt; C:\Users\kelle\Documents\School\CSS497\Help\Working\Output\Website\icons\CFW.gif
C:\Program Files (x86)\EWSoftware\Sandcastle Help File Builder\PresentationStyles\VS2013\icons\CodeExample.png -&gt; C:\Users\kelle\Documents\School\CSS497\Help\Working\Output\Website\icons\CodeExample.png
C:\Program Files (x86)\EWSoftware\Sandcastle Help File Builder\PresentationStyles\VS2013\icons\favicon.ico -&gt; C:\Users\kelle\Documents\School\CSS497\Help\Working\Output\Website\icons\favicon.ico
C:\Program Files (x86)\EWSoftware\Sandcastle Help File Builder\PresentationStyles\VS2013\icons\privclass.gif -&gt; C:\Users\kelle\Documents\School\CSS497\Help\Working\Output\Website\icons\privclass.gif
C:\Program Files (x86)\EWSoftware\Sandcastle Help File Builder\PresentationStyles\VS2013\icons\privdelegate.gif -&gt; C:\Users\kelle\Documents\School\CSS497\Help\Working\Output\Website\icons\privdelegate.gif
C:\Program Files (x86)\EWSoftware\Sandcastle Help File Builder\PresentationStyles\VS2013\icons\privenumeration.gif -&gt; C:\Users\kelle\Documents\School\CSS497\Help\Working\Output\Website\icons\privenumeration.gif
C:\Program Files (x86)\EWSoftware\Sandcastle Help File Builder\PresentationStyles\VS2013\icons\privevent.gif -&gt; C:\Users\kelle\Documents\School\CSS497\Help\Working\Output\Website\icons\privevent.gif
C:\Program Files (x86)\EWSoftware\Sandcastle Help File Builder\PresentationStyles\VS2013\icons\privextension.gif -&gt; C:\Users\kelle\Documents\School\CSS497\Help\Working\Output\Website\icons\privextension.gif
C:\Program Files (x86)\EWSoftware\Sandcastle Help File Builder\PresentationStyles\VS2013\icons\privfield.gif -&gt; C:\Users\kelle\Documents\School\CSS497\Help\Working\Output\Website\icons\privfield.gif
C:\Program Files (x86)\EWSoftware\Sandcastle Help File Builder\PresentationStyles\VS2013\icons\privinterface.gif -&gt; C:\Users\kelle\Documents\School\CSS497\Help\Working\Output\Website\icons\privinterface.gif
C:\Program Files (x86)\EWSoftware\Sandcastle Help File Builder\PresentationStyles\VS2013\icons\privmethod.gif -&gt; C:\Users\kelle\Documents\School\CSS497\Help\Working\Output\Website\icons\privmethod.gif
C:\Program Files (x86)\EWSoftware\Sandcastle Help File Builder\PresentationStyles\VS2013\icons\privproperty.gif -&gt; C:\Users\kelle\Documents\School\CSS497\Help\Working\Output\Website\icons\privproperty.gif
C:\Program Files (x86)\EWSoftware\Sandcastle Help File Builder\PresentationStyles\VS2013\icons\privstructure.gif -&gt; C:\Users\kelle\Documents\School\CSS497\Help\Working\Output\Website\icons\privstructure.gif
C:\Program Files (x86)\EWSoftware\Sandcastle Help File Builder\PresentationStyles\VS2013\icons\protclass.gif -&gt; C:\Users\kelle\Documents\School\CSS497\Help\Working\Output\Website\icons\protclass.gif
C:\Program Files (x86)\EWSoftware\Sandcastle Help File Builder\PresentationStyles\VS2013\icons\protdelegate.gif -&gt; C:\Users\kelle\Documents\School\CSS497\Help\Working\Output\Website\icons\protdelegate.gif
C:\Program Files (x86)\EWSoftware\Sandcastle Help File Builder\PresentationStyles\VS2013\icons\protenumeration.gif -&gt; C:\Users\kelle\Documents\School\CSS497\Help\Working\Output\Website\icons\protenumeration.gif
C:\Program Files (x86)\EWSoftware\Sandcastle Help File Builder\PresentationStyles\VS2013\icons\protevent.gif -&gt; C:\Users\kelle\Documents\School\CSS497\Help\Working\Output\Website\icons\protevent.gif
C:\Program Files (x86)\EWSoftware\Sandcastle Help File Builder\PresentationStyles\VS2013\icons\protextension.gif -&gt; C:\Users\kelle\Documents\School\CSS497\Help\Working\Output\Website\icons\protextension.gif
C:\Program Files (x86)\EWSoftware\Sandcastle Help File Builder\PresentationStyles\VS2013\icons\protfield.gif -&gt; C:\Users\kelle\Documents\School\CSS497\Help\Working\Output\Website\icons\protfield.gif
C:\Program Files (x86)\EWSoftware\Sandcastle Help File Builder\PresentationStyles\VS2013\icons\protinterface.gif -&gt; C:\Users\kelle\Documents\School\CSS497\Help\Working\Output\Website\icons\protinterface.gif
C:\Program Files (x86)\EWSoftware\Sandcastle Help File Builder\PresentationStyles\VS2013\icons\protmethod.gif -&gt; C:\Users\kelle\Documents\School\CSS497\Help\Working\Output\Website\icons\protmethod.gif
C:\Program Files (x86)\EWSoftware\Sandcastle Help File Builder\PresentationStyles\VS2013\icons\protoperator.gif -&gt; C:\Users\kelle\Documents\School\CSS497\Help\Working\Output\Website\icons\protoperator.gif
C:\Program Files (x86)\EWSoftware\Sandcastle Help File Builder\PresentationStyles\VS2013\icons\protproperty.gif -&gt; C:\Users\kelle\Documents\School\CSS497\Help\Working\Output\Website\icons\protproperty.gif
C:\Program Files (x86)\EWSoftware\Sandcastle Help File Builder\PresentationStyles\VS2013\icons\protstructure.gif -&gt; C:\Users\kelle\Documents\School\CSS497\Help\Working\Output\Website\icons\protstructure.gif
C:\Program Files (x86)\EWSoftware\Sandcastle Help File Builder\PresentationStyles\VS2013\icons\pubclass.gif -&gt; C:\Users\kelle\Documents\School\CSS497\Help\Working\Output\Website\icons\pubclass.gif
C:\Program Files (x86)\EWSoftware\Sandcastle Help File Builder\PresentationStyles\VS2013\icons\pubdelegate.gif -&gt; C:\Users\kelle\Documents\School\CSS497\Help\Working\Output\Website\icons\pubdelegate.gif
C:\Program Files (x86)\EWSoftware\Sandcastle Help File Builder\PresentationStyles\VS2013\icons\pubenumeration.gif -&gt; C:\Users\kelle\Documents\School\CSS497\Help\Working\Output\Website\icons\pubenumeration.gif
C:\Program Files (x86)\EWSoftware\Sandcastle Help File Builder\PresentationStyles\VS2013\icons\pubevent.gif -&gt; C:\Users\kelle\Documents\School\CSS497\Help\Working\Output\Website\icons\pubevent.gif
C:\Program Files (x86)\EWSoftware\Sandcastle Help File Builder\PresentationStyles\VS2013\icons\pubextension.gif -&gt; C:\Users\kelle\Documents\School\CSS497\Help\Working\Output\Website\icons\pubextension.gif
C:\Program Files (x86)\EWSoftware\Sandcastle Help File Builder\PresentationStyles\VS2013\icons\pubfield.gif -&gt; C:\Users\kelle\Documents\School\CSS497\Help\Working\Output\Website\icons\pubfield.gif
C:\Program Files (x86)\EWSoftware\Sandcastle Help File Builder\PresentationStyles\VS2013\icons\pubinterface.gif -&gt; C:\Users\kelle\Documents\School\CSS497\Help\Working\Output\Website\icons\pubinterface.gif
C:\Program Files (x86)\EWSoftware\Sandcastle Help File Builder\PresentationStyles\VS2013\icons\pubmethod.gif -&gt; C:\Users\kelle\Documents\School\CSS497\Help\Working\Output\Website\icons\pubmethod.gif
C:\Program Files (x86)\EWSoftware\Sandcastle Help File Builder\PresentationStyles\VS2013\icons\puboperator.gif -&gt; C:\Users\kelle\Documents\School\CSS497\Help\Working\Output\Website\icons\puboperator.gif
C:\Program Files (x86)\EWSoftware\Sandcastle Help File Builder\PresentationStyles\VS2013\icons\pubproperty.gif -&gt; C:\Users\kelle\Documents\School\CSS497\Help\Working\Output\Website\icons\pubproperty.gif
C:\Program Files (x86)\EWSoftware\Sandcastle Help File Builder\PresentationStyles\VS2013\icons\pubstructure.gif -&gt; C:\Users\kelle\Documents\School\CSS497\Help\Working\Output\Website\icons\pubstructure.gif
C:\Program Files (x86)\EWSoftware\Sandcastle Help File Builder\PresentationStyles\VS2013\icons\SectionCollapsed.png -&gt; C:\Users\kelle\Documents\School\CSS497\Help\Working\Output\Website\icons\SectionCollapsed.png
C:\Program Files (x86)\EWSoftware\Sandcastle Help File Builder\PresentationStyles\VS2013\icons\SectionExpanded.png -&gt; C:\Users\kelle\Documents\School\CSS497\Help\Working\Output\Website\icons\SectionExpanded.png
C:\Program Files (x86)\EWSoftware\Sandcastle Help File Builder\PresentationStyles\VS2013\icons\slMobile.gif -&gt; C:\Users\kelle\Documents\School\CSS497\Help\Working\Output\Website\icons\slMobile.gif
C:\Program Files (x86)\EWSoftware\Sandcastle Help File Builder\PresentationStyles\VS2013\icons\static.gif -&gt; C:\Users\kelle\Documents\School\CSS497\Help\Working\Output\Website\icons\static.gif
C:\Program Files (x86)\EWSoftware\Sandcastle Help File Builder\PresentationStyles\VS2013\icons\xna.gif -&gt; C:\Users\kelle\Documents\School\CSS497\Help\Working\Output\Website\icons\xna.gif
C:\Program Files (x86)\EWSoftware\Sandcastle Help File Builder\PresentationStyles\VS2013\scripts\branding.js -&gt; C:\Users\kelle\Documents\School\CSS497\Help\Working\Output\Website\scripts\branding.js
C:\Program Files (x86)\EWSoftware\Sandcastle Help File Builder\PresentationStyles\VS2013\styles\branding-cs-CZ.css -&gt; C:\Users\kelle\Documents\School\CSS497\Help\Working\Output\Website\styles\branding-cs-CZ.css
C:\Program Files (x86)\EWSoftware\Sandcastle Help File Builder\PresentationStyles\VS2013\styles\branding-de-DE.css -&gt; C:\Users\kelle\Documents\School\CSS497\Help\Working\Output\Website\styles\branding-de-DE.css
C:\Program Files (x86)\EWSoftware\Sandcastle Help File Builder\PresentationStyles\VS2013\styles\branding-en-US.css -&gt; C:\Users\kelle\Documents\School\CSS497\Help\Working\Output\Website\styles\branding-en-US.css
C:\Program Files (x86)\EWSoftware\Sandcastle Help File Builder\PresentationStyles\VS2013\styles\branding-es-ES.css -&gt; C:\Users\kelle\Documents\School\CSS497\Help\Working\Output\Website\styles\branding-es-ES.css
C:\Program Files (x86)\EWSoftware\Sandcastle Help File Builder\PresentationStyles\VS2013\styles\branding-fr-FR.css -&gt; C:\Users\kelle\Documents\School\CSS497\Help\Working\Output\Website\styles\branding-fr-FR.css
C:\Program Files (x86)\EWSoftware\Sandcastle Help File Builder\PresentationStyles\VS2013\styles\branding-Help1.css -&gt; C:\Users\kelle\Documents\School\CSS497\Help\Working\Output\Website\styles\branding-Help1.css
C:\Program Files (x86)\EWSoftware\Sandcastle Help File Builder\PresentationStyles\VS2013\styles\branding-HelpViewer.css -&gt; C:\Users\kelle\Documents\School\CSS497\Help\Working\Output\Website\styles\branding-HelpViewer.css
C:\Program Files (x86)\EWSoftware\Sandcastle Help File Builder\PresentationStyles\VS2013\styles\branding-it-IT.css -&gt; C:\Users\kelle\Documents\School\CSS497\Help\Working\Output\Website\styles\branding-it-IT.css
C:\Program Files (x86)\EWSoftware\Sandcastle Help File Builder\PresentationStyles\VS2013\styles\branding-ja-JP.css -&gt; C:\Users\kelle\Documents\School\CSS497\Help\Working\Output\Website\styles\branding-ja-JP.css
C:\Program Files (x86)\EWSoftware\Sandcastle Help File Builder\PresentationStyles\VS2013\styles\branding-ko-KR.css -&gt; C:\Users\kelle\Documents\School\CSS497\Help\Working\Output\Website\styles\branding-ko-KR.css
C:\Program Files (x86)\EWSoftware\Sandcastle Help File Builder\PresentationStyles\VS2013\styles\branding-pl-PL.css -&gt; C:\Users\kelle\Documents\School\CSS497\Help\Working\Output\Website\styles\branding-pl-PL.css
C:\Program Files (x86)\EWSoftware\Sandcastle Help File Builder\PresentationStyles\VS2013\styles\branding-pt-BR.css -&gt; C:\Users\kelle\Documents\School\CSS497\Help\Working\Output\Website\styles\branding-pt-BR.css
C:\Program Files (x86)\EWSoftware\Sandcastle Help File Builder\PresentationStyles\VS2013\styles\branding-ru-RU.css -&gt; C:\Users\kelle\Documents\School\CSS497\Help\Working\Output\Website\styles\branding-ru-RU.css
C:\Program Files (x86)\EWSoftware\Sandcastle Help File Builder\PresentationStyles\VS2013\styles\branding-tr-TR.css -&gt; C:\Users\kelle\Documents\School\CSS497\Help\Working\Output\Website\styles\branding-tr-TR.css
C:\Program Files (x86)\EWSoftware\Sandcastle Help File Builder\PresentationStyles\VS2013\styles\branding-Website.css -&gt; C:\Users\kelle\Documents\School\CSS497\Help\Working\Output\Website\styles\branding-Website.css
C:\Program Files (x86)\EWSoftware\Sandcastle Help File Builder\PresentationStyles\VS2013\styles\branding-zh-CN.css -&gt; C:\Users\kelle\Documents\School\CSS497\Help\Working\Output\Website\styles\branding-zh-CN.css
C:\Program Files (x86)\EWSoftware\Sandcastle Help File Builder\PresentationStyles\VS2013\styles\branding-zh-TW.css -&gt; C:\Users\kelle\Documents\School\CSS497\Help\Working\Output\Website\styles\branding-zh-TW.css
C:\Program Files (x86)\EWSoftware\Sandcastle Help File Builder\PresentationStyles\VS2013\styles\branding.css -&gt; C:\Users\kelle\Documents\School\CSS497\Help\Working\Output\Website\styles\branding.css
C:\Program Files (x86)\EWSoftware\Sandcastle Help File Builder\PresentationStyles\VS2013\Web\index.html -&gt; C:\Users\kelle\Documents\School\CSS497\Help\Working\Output\Website\index.html
C:\Program Files (x86)\EWSoftware\Sandcastle Help File Builder\PresentationStyles\VS2013\Web\search.html -&gt; C:\Users\kelle\Documents\School\CSS497\Help\Working\Output\Website\search.html
C:\Program Files (x86)\EWSoftware\Sandcastle Help File Builder\PresentationStyles\VS2013\Web\SearchHelp.aspx -&gt; C:\Users\kelle\Documents\School\CSS497\Help\Working\Output\Website\SearchHelp.aspx
C:\Program Files (x86)\EWSoftware\Sandcastle Help File Builder\PresentationStyles\VS2013\Web\SearchHelp.inc.php -&gt; C:\Users\kelle\Documents\School\CSS497\Help\Working\Output\Website\SearchHelp.inc.php
C:\Program Files (x86)\EWSoftware\Sandcastle Help File Builder\PresentationStyles\VS2013\Web\SearchHelp.php -&gt; C:\Users\kelle\Documents\School\CSS497\Help\Working\Output\Website\SearchHelp.php
C:\Program Files (x86)\EWSoftware\Sandcastle Help File Builder\PresentationStyles\VS2013\Web\Web.Config -&gt; C:\Users\kelle\Documents\School\CSS497\Help\Working\Output\Website\Web.Config
C:\Program Files (x86)\EWSoftware\Sandcastle Help File Builder\PresentationStyles\VS2013\Web\html\GeneralError.htm -&gt; C:\Users\kelle\Documents\School\CSS497\Help\Working\Output\Website\html\GeneralError.htm
C:\Program Files (x86)\EWSoftware\Sandcastle Help File Builder\PresentationStyles\VS2013\Web\html\PageNotFound.htm -&gt; C:\Users\kelle\Documents\School\CSS497\Help\Working\Output\Website\html\PageNotFound.htm
C:\Program Files (x86)\EWSoftware\Sandcastle Help File Builder\PresentationStyles\VS2013\Web\icons\Search.png -&gt; C:\Users\kelle\Documents\School\CSS497\Help\Working\Output\Website\icons\Search.png
C:\Program Files (x86)\EWSoftware\Sandcastle Help File Builder\PresentationStyles\VS2013\Web\icons\TocClose.gif -&gt; C:\Users\kelle\Documents\School\CSS497\Help\Working\Output\Website\icons\TocClose.gif
C:\Program Files (x86)\EWSoftware\Sandcastle Help File Builder\PresentationStyles\VS2013\Web\icons\TocCollapsed.gif -&gt; C:\Users\kelle\Documents\School\CSS497\Help\Working\Output\Website\icons\TocCollapsed.gif
C:\Program Files (x86)\EWSoftware\Sandcastle Help File Builder\PresentationStyles\VS2013\Web\icons\TocExpanded.gif -&gt; C:\Users\kelle\Documents\School\CSS497\Help\Working\Output\Website\icons\TocExpanded.gif
C:\Program Files (x86)\EWSoftware\Sandcastle Help File Builder\PresentationStyles\VS2013\Web\icons\TocOpen.gif -&gt; C:\Users\kelle\Documents\School\CSS497\Help\Working\Output\Website\icons\TocOpen.gif
C:\Program Files (x86)\EWSoftware\Sandcastle Help File Builder\PresentationStyles\VS2013\Web\scripts\branding-Website.js -&gt; C:\Users\kelle\Documents\School\CSS497\Help\Working\Output\Website\scripts\branding-Website.js
C:\Program Files (x86)\EWSoftware\Sandcastle Help File Builder\PresentationStyles\VS2013\Web\scripts\clipboard.min.js -&gt; C:\Users\kelle\Documents\School\CSS497\Help\Working\Output\Website\scripts\clipboard.min.js
C:\Program Files (x86)\EWSoftware\Sandcastle Help File Builder\PresentationStyles\VS2013\Web\scripts\jquery-3.3.1.min.js -&gt; C:\Users\kelle\Documents\School\CSS497\Help\Working\Output\Website\scripts\jquery-3.3.1.min.js
    Last step completed in 00:00:00.1297
</buildStep>
<buildStep step="GenerateHelpFormatTableOfContents">
Generating website table of contents file...
    Last step completed in 00:00:00.0000
</buildStep>
<buildStep step="GenerateFullTextIndex">
Generating full-text index for the website...

<plugIn name="Lightweight Website Style" behavior="After" priority="1000">
Adding lightweight search and TOC elements to each topic...
</plugIn>    Last step completed in 00:00:00.3521
</buildStep>
<buildStep step="CopyingWebsiteFiles">
Copying website files to output folder...

Copied 188 files for the website content
    Last step completed in 00:00:00.3192
</buildStep>
<buildStep step="CleanIntermediates">
Removing intermediate files...
    Last step completed in 00:00:00.0389
</buildStep>
<buildStep step="Completed">

Build completed successfully at 6/17/2019 11:16:59 PM.  Total time: 00:00:16.8144

</buildStep>
</shfbBuild>
